<?xml version="1.0" encoding="UTF-8" ?>
<testsuite tests="1" failures="0" name="org.openmrs.module.savicsgmao.dao.SavicsGmaoModuleDaoTest" time="0.35" errors="0" skipped="1">
  <properties>
    <property name="java.runtime.name" value="Java(TM) SE Runtime Environment"/>
    <property name="sun.boot.library.path" value="/Library/Java/JavaVirtualMachines/jdk1.8.0_241.jdk/Contents/Home/jre/lib"/>
    <property name="java.vm.version" value="25.241-b07"/>
    <property name="gopherProxySet" value="false"/>
    <property name="java.vm.vendor" value="Oracle Corporation"/>
    <property name="java.vendor.url" value="http://java.oracle.com/"/>
    <property name="path.separator" value=":"/>
    <property name="java.vm.name" value="Java HotSpot(TM) 64-Bit Server VM"/>
    <property name="file.encoding.pkg" value="sun.io"/>
    <property name="user.country" value="CM"/>
    <property name="sun.java.launcher" value="SUN_STANDARD"/>
    <property name="sun.os.patch.level" value="unknown"/>
    <property name="java.vm.specification.name" value="Java Virtual Machine Specification"/>
    <property name="user.dir" value="/Users/anatoleabe/Documents/Savics/Bitbucket/OpenMRS/savicsgmao/api"/>
    <property name="java.runtime.version" value="1.8.0_241-b07"/>
    <property name="java.awt.graphicsenv" value="sun.awt.CGraphicsEnvironment"/>
    <property name="basedir" value="/Users/anatoleabe/Documents/Savics/Bitbucket/OpenMRS/savicsgmao/api"/>
    <property name="java.endorsed.dirs" value="/Library/Java/JavaVirtualMachines/jdk1.8.0_241.jdk/Contents/Home/jre/lib/endorsed"/>
    <property name="os.arch" value="x86_64"/>
    <property name="java.io.tmpdir" value="/var/folders/b7/6jgg1yvx5852hv9tpjjq5hq80000gn/T/"/>
    <property name="line.separator" value="
"/>
    <property name="java.vm.specification.vendor" value="Oracle Corporation"/>
    <property name="os.name" value="Mac OS X"/>
    <property name="sun.jnu.encoding" value="UTF-8"/>
    <property name="java.library.path" value="/Users/anatoleabe/Library/Java/Extensions:/Library/Java/Extensions:/Network/Library/Java/Extensions:/System/Library/Java/Extensions:/usr/lib/java:."/>
    <property name="surefire.test.class.path" value="/Users/anatoleabe/Documents/Savics/Bitbucket/OpenMRS/savicsgmao/api/target/test-classes:/Users/anatoleabe/Documents/Savics/Bitbucket/OpenMRS/savicsgmao/api/target/classes:/Users/anatoleabe/.m2/repository/org/liquibase/liquibase-core/3.6.3/liquibase-core-3.6.3.jar:/Users/anatoleabe/.m2/repository/org/yaml/snakeyaml/1.18/snakeyaml-1.18.jar:/Users/anatoleabe/.m2/repository/org/slf4j/slf4j-api/1.7.25/slf4j-api-1.7.25.jar:/Users/anatoleabe/.m2/repository/ch/qos/logback/logback-classic/1.2.3/logback-classic-1.2.3.jar:/Users/anatoleabe/.m2/repository/ch/qos/logback/logback-core/1.2.3/logback-core-1.2.3.jar:/Users/anatoleabe/.m2/repository/org/openmrs/api/openmrs-api/2.0.4/openmrs-api-2.0.4.jar:/Users/anatoleabe/.m2/repository/commons-collections/commons-collections/3.2.2/commons-collections-3.2.2.jar:/Users/anatoleabe/.m2/repository/org/apache/commons/commons-lang3/3.1/commons-lang3-3.1.jar:/Users/anatoleabe/.m2/repository/commons-beanutils/commons-beanutils/1.7.0/commons-beanutils-1.7.0.jar:/Users/anatoleabe/.m2/repository/commons-io/commons-io/1.4/commons-io-1.4.jar:/Users/anatoleabe/.m2/repository/org/azeckoski/reflectutils/0.9.14/reflectutils-0.9.14.jar:/Users/anatoleabe/.m2/repository/org/apache/velocity/velocity/1.6.2/velocity-1.6.2.jar:/Users/anatoleabe/.m2/repository/commons-lang/commons-lang/2.4/commons-lang-2.4.jar:/Users/anatoleabe/.m2/repository/log4j/log4j/1.2.15/log4j-1.2.15.jar:/Users/anatoleabe/.m2/repository/org/springframework/spring-core/4.1.4.RELEASE/spring-core-4.1.4.RELEASE.jar:/Users/anatoleabe/.m2/repository/org/springframework/spring-beans/4.1.4.RELEASE/spring-beans-4.1.4.RELEASE.jar:/Users/anatoleabe/.m2/repository/org/springframework/spring-context/4.1.4.RELEASE/spring-context-4.1.4.RELEASE.jar:/Users/anatoleabe/.m2/repository/org/springframework/spring-expression/4.1.4.RELEASE/spring-expression-4.1.4.RELEASE.jar:/Users/anatoleabe/.m2/repository/org/springframework/spring-aop/4.1.4.RELEASE/spring-aop-4.1.4.RELEASE.jar:/Users/anatoleabe/.m2/repository/aopalliance/aopalliance/1.0/aopalliance-1.0.jar:/Users/anatoleabe/.m2/repository/org/springframework/spring-orm/4.1.4.RELEASE/spring-orm-4.1.4.RELEASE.jar:/Users/anatoleabe/.m2/repository/org/springframework/spring-tx/4.1.4.RELEASE/spring-tx-4.1.4.RELEASE.jar:/Users/anatoleabe/.m2/repository/org/springframework/spring-jdbc/4.1.4.RELEASE/spring-jdbc-4.1.4.RELEASE.jar:/Users/anatoleabe/.m2/repository/asm/asm-commons/2.2.3/asm-commons-2.2.3.jar:/Users/anatoleabe/.m2/repository/asm/asm-tree/2.2.3/asm-tree-2.2.3.jar:/Users/anatoleabe/.m2/repository/asm/asm/2.2.3/asm-2.2.3.jar:/Users/anatoleabe/.m2/repository/asm/asm-util/2.2.3/asm-util-2.2.3.jar:/Users/anatoleabe/.m2/repository/cglib/cglib-nodep/2.2/cglib-nodep-2.2.jar:/Users/anatoleabe/.m2/repository/ca/uhn/hapi/hapi-base/2.0/hapi-base-2.0.jar:/Users/anatoleabe/.m2/repository/commons-cli/commons-cli/1.2/commons-cli-1.2.jar:/Users/anatoleabe/.m2/repository/org/jdom/jdom/1.1/jdom-1.1.jar:/Users/anatoleabe/.m2/repository/xalan/xalan/2.7.0/xalan-2.7.0.jar:/Users/anatoleabe/.m2/repository/ca/uhn/hapi/hapi-structures-v25/2.0/hapi-structures-v25-2.0.jar:/Users/anatoleabe/.m2/repository/ca/uhn/hapi/hapi-structures-v26/2.0/hapi-structures-v26-2.0.jar:/Users/anatoleabe/.m2/repository/org/javassist/javassist/3.19.0-GA/javassist-3.19.0-GA.jar:/Users/anatoleabe/.m2/repository/org/hibernate/hibernate-core/4.3.9.Final/hibernate-core-4.3.9.Final.jar:/Users/anatoleabe/.m2/repository/org/jboss/logging/jboss-logging/3.1.3.GA/jboss-logging-3.1.3.GA.jar:/Users/anatoleabe/.m2/repository/org/jboss/logging/jboss-logging-annotations/1.2.0.Beta1/jboss-logging-annotations-1.2.0.Beta1.jar:/Users/anatoleabe/.m2/repository/org/jboss/spec/javax/transaction/jboss-transaction-api_1.2_spec/1.0.0.Final/jboss-transaction-api_1.2_spec-1.0.0.Final.jar:/Users/anatoleabe/.m2/repository/org/hibernate/common/hibernate-commons-annotations/4.0.5.Final/hibernate-commons-annotations-4.0.5.Final.jar:/Users/anatoleabe/.m2/repository/org/hibernate/javax/persistence/hibernate-jpa-2.1-api/1.0.0.Final/hibernate-jpa-2.1-api-1.0.0.Final.jar:/Users/anatoleabe/.m2/repository/antlr/antlr/2.7.7/antlr-2.7.7.jar:/Users/anatoleabe/.m2/repository/org/jboss/jandex/1.1.0.Final/jandex-1.1.0.Final.jar:/Users/anatoleabe/.m2/repository/org/hibernate/hibernate-c3p0/4.3.9.Final/hibernate-c3p0-4.3.9.Final.jar:/Users/anatoleabe/.m2/repository/com/mchange/c3p0/0.9.2.1/c3p0-0.9.2.1.jar:/Users/anatoleabe/.m2/repository/com/mchange/mchange-commons-java/0.2.3.4/mchange-commons-java-0.2.3.4.jar:/Users/anatoleabe/.m2/repository/org/hibernate/hibernate-ehcache/4.3.9.Final/hibernate-ehcache-4.3.9.Final.jar:/Users/anatoleabe/.m2/repository/org/hibernate/hibernate-search-orm/5.1.2.Final/hibernate-search-orm-5.1.2.Final.jar:/Users/anatoleabe/.m2/repository/org/hibernate/hibernate-search-engine/5.1.2.Final/hibernate-search-engine-5.1.2.Final.jar:/Users/anatoleabe/.m2/repository/org/apache/lucene/lucene-analyzers-common/4.10.4/lucene-analyzers-common-4.10.4.jar:/Users/anatoleabe/.m2/repository/org/apache/lucene/lucene-facet/4.10.4/lucene-facet-4.10.4.jar:/Users/anatoleabe/.m2/repository/org/apache/lucene/lucene-queryparser/4.10.4/lucene-queryparser-4.10.4.jar:/Users/anatoleabe/.m2/repository/org/apache/lucene/lucene-core/4.10.4/lucene-core-4.10.4.jar:/Users/anatoleabe/.m2/repository/org/apache/lucene/lucene-sandbox/4.10.4/lucene-sandbox-4.10.4.jar:/Users/anatoleabe/.m2/repository/org/apache/lucene/lucene-queries/4.10.4/lucene-queries-4.10.4.jar:/Users/anatoleabe/.m2/repository/dom4j/dom4j/1.6.1/dom4j-1.6.1.jar:/Users/anatoleabe/.m2/repository/org/slf4j/jcl-over-slf4j/1.6.0/jcl-over-slf4j-1.6.0.jar:/Users/anatoleabe/.m2/repository/org/slf4j/slf4j-log4j12/1.6.0/slf4j-log4j12-1.6.0.jar:/Users/anatoleabe/.m2/repository/com/thoughtworks/xstream/xstream/1.4.3/xstream-1.4.3.jar:/Users/anatoleabe/.m2/repository/xmlpull/xmlpull/1.1.3.1/xmlpull-1.1.3.1.jar:/Users/anatoleabe/.m2/repository/xpp3/xpp3_min/1.1.4c/xpp3_min-1.1.4c.jar:/Users/anatoleabe/.m2/repository/javax/mail/mail/1.4.1/mail-1.4.1.jar:/Users/anatoleabe/.m2/repository/javax/activation/activation/1.1/activation-1.1.jar:/Users/anatoleabe/.m2/repository/org/openmrs/liquibase/ext/modify-column/2.0.2/modify-column-2.0.2.jar:/Users/anatoleabe/.m2/repository/org/openmrs/liquibase/ext/identity-insert/1.2.1/identity-insert-1.2.1.jar:/Users/anatoleabe/.m2/repository/org/openmrs/liquibase/ext/type-converter/1.0.1/type-converter-1.0.1.jar:/Users/anatoleabe/.m2/repository/xerces/xercesImpl/2.8.0/xercesImpl-2.8.0.jar:/Users/anatoleabe/.m2/repository/javax/validation/validation-api/1.0.0.GA/validation-api-1.0.0.GA.jar:/Users/anatoleabe/.m2/repository/org/hibernate/hibernate-validator/4.2.0.Final/hibernate-validator-4.2.0.Final.jar:/Users/anatoleabe/.m2/repository/org/codehaus/jackson/jackson-core-asl/1.9.13/jackson-core-asl-1.9.13.jar:/Users/anatoleabe/.m2/repository/org/codehaus/jackson/jackson-mapper-asl/1.9.13/jackson-mapper-asl-1.9.13.jar:/Users/anatoleabe/.m2/repository/org/codehaus/groovy/groovy-all/2.4.6/groovy-all-2.4.6.jar:/Users/anatoleabe/.m2/repository/net/sf/ehcache/ehcache/2.10.0/ehcache-2.10.0.jar:/Users/anatoleabe/.m2/repository/org/openmrs/web/openmrs-web/2.0.4/openmrs-web-2.0.4.jar:/Users/anatoleabe/.m2/repository/javax/servlet/jsp-api/2.0/jsp-api-2.0.jar:/Users/anatoleabe/.m2/repository/javax/servlet/servlet-api/2.4/servlet-api-2.4.jar:/Users/anatoleabe/.m2/repository/javax/servlet/jstl/1.1.2/jstl-1.1.2.jar:/Users/anatoleabe/.m2/repository/commons-fileupload/commons-fileupload/1.2.1/commons-fileupload-1.2.1.jar:/Users/anatoleabe/.m2/repository/org/springframework/spring-web/4.1.4.RELEASE/spring-web-4.1.4.RELEASE.jar:/Users/anatoleabe/.m2/repository/org/springframework/spring-webmvc/4.1.4.RELEASE/spring-webmvc-4.1.4.RELEASE.jar:/Users/anatoleabe/.m2/repository/org/springframework/spring-oxm/4.1.4.RELEASE/spring-oxm-4.1.4.RELEASE.jar:/Users/anatoleabe/.m2/repository/mysql/mysql-connector-java/5.1.28/mysql-connector-java-5.1.28.jar:/Users/anatoleabe/.m2/repository/postgresql/postgresql/9.0-801.jdbc4/postgresql-9.0-801.jdbc4.jar:/Users/anatoleabe/.m2/repository/taglibs/request/1.0.1/request-1.0.1.jar:/Users/anatoleabe/.m2/repository/taglibs/response/1.0.1/response-1.0.1.jar:/Users/anatoleabe/.m2/repository/taglibs/standard/1.1.2/standard-1.1.2.jar:/Users/anatoleabe/.m2/repository/taglibs/page/1.0.1/page-1.0.1.jar:/Users/anatoleabe/.m2/repository/org/apache/velocity/velocity-tools/2.0/velocity-tools-2.0.jar:/Users/anatoleabe/.m2/repository/commons-digester/commons-digester/1.8/commons-digester-1.8.jar:/Users/anatoleabe/.m2/repository/commons-chain/commons-chain/1.1/commons-chain-1.1.jar:/Users/anatoleabe/.m2/repository/commons-validator/commons-validator/1.3.1/commons-validator-1.3.1.jar:/Users/anatoleabe/.m2/repository/oro/oro/2.0.8/oro-2.0.8.jar:/Users/anatoleabe/.m2/repository/sslext/sslext/1.2-0/sslext-1.2-0.jar:/Users/anatoleabe/.m2/repository/org/apache/struts/struts-core/1.3.8/struts-core-1.3.8.jar:/Users/anatoleabe/.m2/repository/org/apache/struts/struts-taglib/1.3.8/struts-taglib-1.3.8.jar:/Users/anatoleabe/.m2/repository/org/apache/struts/struts-tiles/1.3.8/struts-tiles-1.3.8.jar:/Users/anatoleabe/.m2/repository/org/owasp/encoder/encoder/1.2/encoder-1.2.jar:/Users/anatoleabe/.m2/repository/org/openmrs/web/openmrs-web/2.0.4/openmrs-web-2.0.4-tests.jar:/Users/anatoleabe/.m2/repository/org/springframework/spring-test/4.1.4.RELEASE/spring-test-4.1.4.RELEASE.jar:/Users/anatoleabe/.m2/repository/com/h2database/h2/1.4.187/h2-1.4.187.jar:/Users/anatoleabe/.m2/repository/org/databene/databene-benerator/0.5.9/databene-benerator-0.5.9.jar:/Users/anatoleabe/.m2/repository/org/databene/databene-webdecs/0.4.9/databene-webdecs-0.4.9.jar:/Users/anatoleabe/.m2/repository/org/apache/poi/poi/3.5-beta5/poi-3.5-beta5.jar:/Users/anatoleabe/.m2/repository/org/freemarker/freemarker/2.3.9/freemarker-2.3.9.jar:/Users/anatoleabe/.m2/repository/org/databene/databene-commons/0.4.9/databene-commons-0.4.9.jar:/Users/anatoleabe/.m2/repository/org/databene/databene-gui/0.1.9/databene-gui-0.1.9.jar:/Users/anatoleabe/.m2/repository/net/sourceforge/jtds/jtds/1.2.2/jtds-1.2.2.jar:/Users/anatoleabe/.m2/repository/org/apache/derby/derbyclient/10.4.2.0/derbyclient-10.4.2.0.jar:/Users/anatoleabe/.m2/repository/org/dbunit/dbunit/2.4.7/dbunit-2.4.7.jar:/Users/anatoleabe/.m2/repository/xmlunit/xmlunit/1.3/xmlunit-1.3.jar:/Users/anatoleabe/.m2/repository/com/carrotsearch/junit-benchmarks/0.7.0/junit-benchmarks-0.7.0.jar:/Users/anatoleabe/.m2/repository/org/ict4h/atomfeed-server/1.9.4/atomfeed-server-1.9.4.jar:/Users/anatoleabe/.m2/repository/org/ict4h/atomfeed-commons/1.9.4/atomfeed-commons-1.9.4.jar:/Users/anatoleabe/.m2/repository/javax/persistence/persistence-api/1.0.2/persistence-api-1.0.2.jar:/Users/anatoleabe/.m2/repository/joda-time/joda-time/2.1/joda-time-2.1.jar:/Users/anatoleabe/.m2/repository/rome/rome/1.0/rome-1.0.jar:/Users/anatoleabe/.m2/repository/jdom/jdom/1.0/jdom-1.0.jar:/Users/anatoleabe/.m2/repository/org/ict4h/openmrs/openmrs-atomfeed-common/2.5.6/openmrs-atomfeed-common-2.5.6.jar:/Users/anatoleabe/.m2/repository/org/openmrs/module/webservices.rest-omod/2.16/webservices.rest-omod-2.16.jar:/Users/anatoleabe/.m2/repository/org/openmrs/module/webservices.rest-omod-common/2.16/webservices.rest-omod-common-2.16.jar:/Users/anatoleabe/.m2/repository/org/atteo/evo-inflector/1.2.1/evo-inflector-1.2.1.jar:/Users/anatoleabe/.m2/repository/org/openmrs/module/webservices.rest-omod-1.8/2.16/webservices.rest-omod-1.8-2.16.jar:/Users/anatoleabe/.m2/repository/org/openmrs/module/webservices.rest-omod-1.9/2.16/webservices.rest-omod-1.9-2.16.jar:/Users/anatoleabe/.m2/repository/org/openmrs/module/webservices.rest-omod-1.10/2.16/webservices.rest-omod-1.10-2.16.jar:/Users/anatoleabe/.m2/repository/org/openmrs/module/webservices.rest-omod-1.11/2.16/webservices.rest-omod-1.11-2.16.jar:/Users/anatoleabe/.m2/repository/org/openmrs/module/webservices.rest-omod-2.0/2.16/webservices.rest-omod-2.0-2.16.jar:/Users/anatoleabe/.m2/repository/org/openmrs/module/webservices.rest-omod-1.12/2.16/webservices.rest-omod-1.12-2.16.jar:/Users/anatoleabe/.m2/repository/com/fasterxml/jackson/core/jackson-databind/2.5.4/jackson-databind-2.5.4.jar:/Users/anatoleabe/.m2/repository/commons-codec/commons-codec/1.5/commons-codec-1.5.jar:/Users/anatoleabe/.m2/repository/org/openmrs/api/openmrs-api/2.1.4/openmrs-api-2.1.4-tests.jar:/Users/anatoleabe/.m2/repository/org/springframework/spring-context-support/4.1.4.RELEASE/spring-context-support-4.1.4.RELEASE.jar:/Users/anatoleabe/.m2/repository/ca/uhn/hapi/hapi-structures-v23/2.0/hapi-structures-v23-2.0.jar:/Users/anatoleabe/.m2/repository/ca/uhn/hapi/hapi-structures-v24/2.0/hapi-structures-v24-2.0.jar:/Users/anatoleabe/.m2/repository/com/fasterxml/jackson/core/jackson-core/2.9.0/jackson-core-2.9.0.jar:/Users/anatoleabe/.m2/repository/com/fasterxml/jackson/core/jackson-annotations/2.9.0/jackson-annotations-2.9.0.jar:/Users/anatoleabe/.m2/repository/junit/junit/4.11/junit-4.11.jar:/Users/anatoleabe/.m2/repository/org/hamcrest/hamcrest-core/1.3/hamcrest-core-1.3.jar:/Users/anatoleabe/.m2/repository/org/hamcrest/hamcrest-library/1.3/hamcrest-library-1.3.jar:/Users/anatoleabe/.m2/repository/org/mockito/mockito-core/1.9.5/mockito-core-1.9.5.jar:/Users/anatoleabe/.m2/repository/org/objenesis/objenesis/1.0/objenesis-1.0.jar:/Users/anatoleabe/.m2/repository/org/powermock/powermock-module-junit4/1.5/powermock-module-junit4-1.5.jar:/Users/anatoleabe/.m2/repository/org/powermock/powermock-module-junit4-common/1.5/powermock-module-junit4-common-1.5.jar:/Users/anatoleabe/.m2/repository/org/powermock/powermock-core/1.5/powermock-core-1.5.jar:/Users/anatoleabe/.m2/repository/org/powermock/powermock-reflect/1.5/powermock-reflect-1.5.jar:/Users/anatoleabe/.m2/repository/org/powermock/powermock-api-mockito/1.5/powermock-api-mockito-1.5.jar:/Users/anatoleabe/.m2/repository/org/powermock/powermock-api-support/1.5/powermock-api-support-1.5.jar:"/>
    <property name="java.specification.name" value="Java Platform API Specification"/>
    <property name="java.class.version" value="52.0"/>
    <property name="sun.management.compiler" value="HotSpot 64-Bit Tiered Compilers"/>
    <property name="os.version" value="10.15.1"/>
    <property name="http.nonProxyHosts" value="local|*.local|169.254/16|*.169.254/16"/>
    <property name="user.home" value="/Users/anatoleabe"/>
    <property name="user.timezone" value="Africa/Bujumbura"/>
    <property name="java.awt.printerjob" value="sun.lwawt.macosx.CPrinterJob"/>
    <property name="java.specification.version" value="1.8"/>
    <property name="file.encoding" value="UTF-8"/>
    <property name="user.name" value="anatoleabe"/>
    <property name="java.class.path" value="/Users/anatoleabe/.m2/repository/org/apache/maven/surefire/surefire-booter/2.5/surefire-booter-2.5.jar:/Users/anatoleabe/.m2/repository/org/apache/maven/surefire/surefire-api/2.5/surefire-api-2.5.jar"/>
    <property name="java.vm.specification.version" value="1.8"/>
    <property name="sun.arch.data.model" value="64"/>
    <property name="java.home" value="/Library/Java/JavaVirtualMachines/jdk1.8.0_241.jdk/Contents/Home/jre"/>
    <property name="sun.java.command" value="org.apache.maven.surefire.booter.SurefireBooter /var/folders/b7/6jgg1yvx5852hv9tpjjq5hq80000gn/T/surefire374980654475633707tmp /var/folders/b7/6jgg1yvx5852hv9tpjjq5hq80000gn/T/surefire1342299160519261832tmp"/>
    <property name="java.specification.vendor" value="Oracle Corporation"/>
    <property name="user.language" value="en"/>
    <property name="awt.toolkit" value="sun.lwawt.macosx.LWCToolkit"/>
    <property name="java.vm.info" value="mixed mode"/>
    <property name="java.version" value="1.8.0_241"/>
    <property name="java.ext.dirs" value="/Users/anatoleabe/Library/Java/Extensions:/Library/Java/JavaVirtualMachines/jdk1.8.0_241.jdk/Contents/Home/jre/lib/ext:/Library/Java/Extensions:/Network/Library/Java/Extensions:/System/Library/Java/Extensions:/usr/lib/java"/>
    <property name="sun.boot.class.path" value="/Library/Java/JavaVirtualMachines/jdk1.8.0_241.jdk/Contents/Home/jre/lib/resources.jar:/Library/Java/JavaVirtualMachines/jdk1.8.0_241.jdk/Contents/Home/jre/lib/rt.jar:/Library/Java/JavaVirtualMachines/jdk1.8.0_241.jdk/Contents/Home/jre/lib/sunrsasign.jar:/Library/Java/JavaVirtualMachines/jdk1.8.0_241.jdk/Contents/Home/jre/lib/jsse.jar:/Library/Java/JavaVirtualMachines/jdk1.8.0_241.jdk/Contents/Home/jre/lib/jce.jar:/Library/Java/JavaVirtualMachines/jdk1.8.0_241.jdk/Contents/Home/jre/lib/charsets.jar:/Library/Java/JavaVirtualMachines/jdk1.8.0_241.jdk/Contents/Home/jre/lib/jfr.jar:/Library/Java/JavaVirtualMachines/jdk1.8.0_241.jdk/Contents/Home/jre/classes"/>
    <property name="java.vendor" value="Oracle Corporation"/>
    <property name="localRepository" value="/Users/anatoleabe/.m2/repository"/>
    <property name="file.separator" value="/"/>
    <property name="java.vendor.url.bug" value="http://bugreport.sun.com/bugreport/"/>
    <property name="sun.cpu.endian" value="little"/>
    <property name="sun.io.unicode.encoding" value="UnicodeBig"/>
    <property name="sun.font.fontmanager" value="sun.font.CFontManager"/>
    <property name="socksNonProxyHosts" value="local|*.local|169.254/16|*.169.254/16"/>
    <property name="ftp.nonProxyHosts" value="local|*.local|169.254/16|*.169.254/16"/>
    <property name="sun.cpu.isalist" value=""/>
  </properties>
  <testcase classname="org.openmrs.module.savicsgmao.dao.SavicsGmaoModuleDaoTest" name="saveItem_shouldSaveAllPropertiesInDb" time="0.328">
    <skipped/>
  </testcase>
</testsuite>