<?xml version="1.0" encoding="UTF-8" ?>
<testsuite tests="1" failures="0" name="org.openmrs.module.savicsgmao.dao.api.SavicsGmaoModuleServiceTest" time="0.258" errors="0" skipped="0">
  <properties>
    <property name="java.runtime.name" value="Java(TM) SE Runtime Environment"/>
    <property name="sun.boot.library.path" value="/Library/Java/JavaVirtualMachines/jdk1.8.0_241.jdk/Contents/Home/jre/lib"/>
    <property name="java.vm.version" value="25.241-b07"/>
    <property name="gopherProxySet" value="false"/>
    <property name="java.vm.vendor" value="Oracle Corporation"/>
    <property name="java.vendor.url" value="http://java.oracle.com/"/>
    <property name="path.separator" value=":"/>
    <property name="java.vm.name" value="Java HotSpot(TM) 64-Bit Server VM"/>
    <property name="file.encoding.pkg" value="sun.io"/>
    <property name="user.country" value="CM"/>
    <property name="sun.java.launcher" value="SUN_STANDARD"/>
    <property name="sun.os.patch.level" value="unknown"/>
    <property name="java.vm.specification.name" value="Java Virtual Machine Specification"/>
    <property name="user.dir" value="/Users/anatoleabe/Documents/Savics/Bitbucket/OpenMRS/savicsgmao/api"/>
    <property name="java.runtime.version" value="1.8.0_241-b07"/>
    <property name="java.awt.graphicsenv" value="sun.awt.CGraphicsEnvironment"/>
    <property name="basedir" value="/Users/anatoleabe/Documents/Savics/Bitbucket/OpenMRS/savicsgmao/api"/>
    <property name="java.endorsed.dirs" value="/Library/Java/JavaVirtualMachines/jdk1.8.0_241.jdk/Contents/Home/jre/lib/endorsed"/>
    <property name="os.arch" value="x86_64"/>
    <property name="java.io.tmpdir" value="/var/folders/b7/6jgg1yvx5852hv9tpjjq5hq80000gn/T/"/>
    <property name="line.separator" value="
"/>
    <property name="java.vm.specification.vendor" value="Oracle Corporation"/>
    <property name="os.name" value="Mac OS X"/>
    <property name="sun.jnu.encoding" value="UTF-8"/>
    <property name="java.library.path" value="/Users/anatoleabe/Library/Java/Extensions:/Library/Java/Extensions:/Network/Library/Java/Extensions:/System/Library/Java/Extensions:/usr/lib/java:."/>
    <property name="surefire.test.class.path" value="/Users/anatoleabe/Documents/Savics/Bitbucket/OpenMRS/savicsgmao/api/target/test-classes:/Users/anatoleabe/Documents/Savics/Bitbucket/OpenMRS/savicsgmao/api/target/classes:/Users/anatoleabe/.m2/repository/org/liquibase/liquibase-core/3.6.3/liquibase-core-3.6.3.jar:/Users/anatoleabe/.m2/repository/org/yaml/snakeyaml/1.18/snakeyaml-1.18.jar:/Users/anatoleabe/.m2/repository/org/slf4j/slf4j-api/1.7.25/slf4j-api-1.7.25.jar:/Users/anatoleabe/.m2/repository/ch/qos/logback/logback-classic/1.2.3/logback-classic-1.2.3.jar:/Users/anatoleabe/.m2/repository/ch/qos/logback/logback-core/1.2.3/logback-core-1.2.3.jar:/Users/anatoleabe/.m2/repository/org/openmrs/api/openmrs-api/1.11.6/openmrs-api-1.11.6.jar:/Users/anatoleabe/.m2/repository/commons-collections/commons-collections/3.2.2/commons-collections-3.2.2.jar:/Users/anatoleabe/.m2/repository/org/apache/commons/commons-lang3/3.1/commons-lang3-3.1.jar:/Users/anatoleabe/.m2/repository/commons-beanutils/commons-beanutils/1.7.0/commons-beanutils-1.7.0.jar:/Users/anatoleabe/.m2/repository/commons-io/commons-io/1.4/commons-io-1.4.jar:/Users/anatoleabe/.m2/repository/org/azeckoski/reflectutils/0.9.14/reflectutils-0.9.14.jar:/Users/anatoleabe/.m2/repository/org/apache/velocity/velocity/1.6.2/velocity-1.6.2.jar:/Users/anatoleabe/.m2/repository/commons-lang/commons-lang/2.4/commons-lang-2.4.jar:/Users/anatoleabe/.m2/repository/log4j/log4j/1.2.15/log4j-1.2.15.jar:/Users/anatoleabe/.m2/repository/org/springframework/spring-core/3.2.7.RELEASE/spring-core-3.2.7.RELEASE.jar:/Users/anatoleabe/.m2/repository/org/springframework/spring-beans/3.2.7.RELEASE/spring-beans-3.2.7.RELEASE.jar:/Users/anatoleabe/.m2/repository/org/springframework/spring-context/3.2.7.RELEASE/spring-context-3.2.7.RELEASE.jar:/Users/anatoleabe/.m2/repository/org/springframework/spring-expression/3.2.7.RELEASE/spring-expression-3.2.7.RELEASE.jar:/Users/anatoleabe/.m2/repository/org/springframework/spring-aop/3.2.7.RELEASE/spring-aop-3.2.7.RELEASE.jar:/Users/anatoleabe/.m2/repository/aopalliance/aopalliance/1.0/aopalliance-1.0.jar:/Users/anatoleabe/.m2/repository/org/springframework/spring-orm/3.2.7.RELEASE/spring-orm-3.2.7.RELEASE.jar:/Users/anatoleabe/.m2/repository/org/springframework/spring-tx/3.2.7.RELEASE/spring-tx-3.2.7.RELEASE.jar:/Users/anatoleabe/.m2/repository/org/springframework/spring-jdbc/3.2.7.RELEASE/spring-jdbc-3.2.7.RELEASE.jar:/Users/anatoleabe/.m2/repository/org/antlr/antlr-runtime/3.4/antlr-runtime-3.4.jar:/Users/anatoleabe/.m2/repository/org/antlr/stringtemplate/3.2.1/stringtemplate-3.2.1.jar:/Users/anatoleabe/.m2/repository/antlr/antlr/2.7.7/antlr-2.7.7.jar:/Users/anatoleabe/.m2/repository/asm/asm-commons/2.2.3/asm-commons-2.2.3.jar:/Users/anatoleabe/.m2/repository/asm/asm-tree/2.2.3/asm-tree-2.2.3.jar:/Users/anatoleabe/.m2/repository/asm/asm/2.2.3/asm-2.2.3.jar:/Users/anatoleabe/.m2/repository/asm/asm-util/2.2.3/asm-util-2.2.3.jar:/Users/anatoleabe/.m2/repository/cglib/cglib-nodep/2.2/cglib-nodep-2.2.jar:/Users/anatoleabe/.m2/repository/ca/uhn/hapi/hapi-base/2.0/hapi-base-2.0.jar:/Users/anatoleabe/.m2/repository/commons-cli/commons-cli/1.2/commons-cli-1.2.jar:/Users/anatoleabe/.m2/repository/org/jdom/jdom/1.1/jdom-1.1.jar:/Users/anatoleabe/.m2/repository/xalan/xalan/2.7.0/xalan-2.7.0.jar:/Users/anatoleabe/.m2/repository/ca/uhn/hapi/hapi-structures-v25/2.0/hapi-structures-v25-2.0.jar:/Users/anatoleabe/.m2/repository/ca/uhn/hapi/hapi-structures-v26/2.0/hapi-structures-v26-2.0.jar:/Users/anatoleabe/.m2/repository/org/openmrs/simpleframework/simple-xml/1.6.1-mod/simple-xml-1.6.1-mod.jar:/Users/anatoleabe/.m2/repository/stax/stax/1.2.0/stax-1.2.0.jar:/Users/anatoleabe/.m2/repository/stax/stax-api/1.0.1/stax-api-1.0.1.jar:/Users/anatoleabe/.m2/repository/org/javassist/javassist/3.19.0-GA/javassist-3.19.0-GA.jar:/Users/anatoleabe/.m2/repository/org/openmrs/hibernate/hibernate-core/3.6.5.Final-mod/hibernate-core-3.6.5.Final-mod.jar:/Users/anatoleabe/.m2/repository/org/hibernate/hibernate-commons-annotations/3.2.0.Final/hibernate-commons-annotations-3.2.0.Final.jar:/Users/anatoleabe/.m2/repository/org/hibernate/javax/persistence/hibernate-jpa-2.0-api/1.0.0.Final/hibernate-jpa-2.0-api-1.0.0.Final.jar:/Users/anatoleabe/.m2/repository/javax/transaction/jta/1.1/jta-1.1.jar:/Users/anatoleabe/.m2/repository/org/hibernate/hibernate-c3p0/3.6.5.Final/hibernate-c3p0-3.6.5.Final.jar:/Users/anatoleabe/.m2/repository/org/hibernate/hibernate-ehcache/3.6.5.Final/hibernate-ehcache-3.6.5.Final.jar:/Users/anatoleabe/.m2/repository/org/hibernate/hibernate-search/3.4.2.Final/hibernate-search-3.4.2.Final.jar:/Users/anatoleabe/.m2/repository/org/hibernate/hibernate-search-analyzers/3.4.2.Final/hibernate-search-analyzers-3.4.2.Final.jar:/Users/anatoleabe/.m2/repository/org/apache/lucene/lucene-analyzers/3.1.0/lucene-analyzers-3.1.0.jar:/Users/anatoleabe/.m2/repository/org/apache/solr/solr-analysis-extras/3.1.0/solr-analysis-extras-3.1.0.jar:/Users/anatoleabe/.m2/repository/org/apache/solr/solr-core/3.1.0/solr-core-3.1.0.jar:/Users/anatoleabe/.m2/repository/org/apache/solr/solr-solrj/3.1.0/solr-solrj-3.1.0.jar:/Users/anatoleabe/.m2/repository/org/apache/lucene/lucene-highlighter/3.1.0/lucene-highlighter-3.1.0.jar:/Users/anatoleabe/.m2/repository/org/apache/lucene/lucene-memory/3.1.0/lucene-memory-3.1.0.jar:/Users/anatoleabe/.m2/repository/org/apache/lucene/lucene-misc/3.1.0/lucene-misc-3.1.0.jar:/Users/anatoleabe/.m2/repository/org/apache/lucene/lucene-spatial/3.1.0/lucene-spatial-3.1.0.jar:/Users/anatoleabe/.m2/repository/org/apache/lucene/lucene-spellchecker/3.1.0/lucene-spellchecker-3.1.0.jar:/Users/anatoleabe/.m2/repository/org/apache/solr/solr-commons-csv/3.1.0/solr-commons-csv-3.1.0.jar:/Users/anatoleabe/.m2/repository/commons-codec/commons-codec/1.4/commons-codec-1.4.jar:/Users/anatoleabe/.m2/repository/org/apache/lucene/lucene-smartcn/3.1.0/lucene-smartcn-3.1.0.jar:/Users/anatoleabe/.m2/repository/org/apache/lucene/lucene-stempel/3.1.0/lucene-stempel-3.1.0.jar:/Users/anatoleabe/.m2/repository/org/apache/lucene/lucene-core/3.1.0/lucene-core-3.1.0.jar:/Users/anatoleabe/.m2/repository/org/apache/lucene/lucene-queries/3.1.0/lucene-queries-3.1.0.jar:/Users/anatoleabe/.m2/repository/jakarta-regexp/jakarta-regexp/1.4/jakarta-regexp-1.4.jar:/Users/anatoleabe/.m2/repository/dom4j/dom4j/1.6.1/dom4j-1.6.1.jar:/Users/anatoleabe/.m2/repository/c3p0/c3p0/0.9.1/c3p0-0.9.1.jar:/Users/anatoleabe/.m2/repository/net/sf/ehcache/ehcache-core/2.2.0/ehcache-core-2.2.0.jar:/Users/anatoleabe/.m2/repository/org/slf4j/jcl-over-slf4j/1.6.0/jcl-over-slf4j-1.6.0.jar:/Users/anatoleabe/.m2/repository/org/slf4j/slf4j-log4j12/1.6.0/slf4j-log4j12-1.6.0.jar:/Users/anatoleabe/.m2/repository/com/thoughtworks/xstream/xstream/1.4.3/xstream-1.4.3.jar:/Users/anatoleabe/.m2/repository/xmlpull/xmlpull/1.1.3.1/xmlpull-1.1.3.1.jar:/Users/anatoleabe/.m2/repository/xpp3/xpp3_min/1.1.4c/xpp3_min-1.1.4c.jar:/Users/anatoleabe/.m2/repository/javax/mail/mail/1.4.1/mail-1.4.1.jar:/Users/anatoleabe/.m2/repository/javax/activation/activation/1.1/activation-1.1.jar:/Users/anatoleabe/.m2/repository/org/openmrs/liquibase/ext/modify-column/2.0.2/modify-column-2.0.2.jar:/Users/anatoleabe/.m2/repository/org/openmrs/liquibase/ext/identity-insert/1.2.1/identity-insert-1.2.1.jar:/Users/anatoleabe/.m2/repository/org/openmrs/liquibase/ext/type-converter/1.0.1/type-converter-1.0.1.jar:/Users/anatoleabe/.m2/repository/xerces/xercesImpl/2.8.0/xercesImpl-2.8.0.jar:/Users/anatoleabe/.m2/repository/xml-apis/xml-apis/1.3.03/xml-apis-1.3.03.jar:/Users/anatoleabe/.m2/repository/xml-resolver/xml-resolver/1.1/xml-resolver-1.1.jar:/Users/anatoleabe/.m2/repository/javax/validation/validation-api/1.0.0.GA/validation-api-1.0.0.GA.jar:/Users/anatoleabe/.m2/repository/org/hibernate/hibernate-validator/4.2.0.Final/hibernate-validator-4.2.0.Final.jar:/Users/anatoleabe/.m2/repository/org/codehaus/jackson/jackson-core-asl/1.9.13/jackson-core-asl-1.9.13.jar:/Users/anatoleabe/.m2/repository/org/codehaus/jackson/jackson-mapper-asl/1.9.13/jackson-mapper-asl-1.9.13.jar:/Users/anatoleabe/.m2/repository/org/codehaus/groovy/groovy-all/1.7.6/groovy-all-1.7.6.jar:/Users/anatoleabe/.m2/repository/org/openmrs/api/openmrs-api/1.11.6/openmrs-api-1.11.6-tests.jar:/Users/anatoleabe/.m2/repository/org/springframework/spring-test/3.2.7.RELEASE/spring-test-3.2.7.RELEASE.jar:/Users/anatoleabe/.m2/repository/com/h2database/h2/1.4.187/h2-1.4.187.jar:/Users/anatoleabe/.m2/repository/org/databene/databene-benerator/0.5.9/databene-benerator-0.5.9.jar:/Users/anatoleabe/.m2/repository/org/databene/databene-webdecs/0.4.9/databene-webdecs-0.4.9.jar:/Users/anatoleabe/.m2/repository/org/apache/poi/poi/3.5-beta5/poi-3.5-beta5.jar:/Users/anatoleabe/.m2/repository/org/freemarker/freemarker/2.3.9/freemarker-2.3.9.jar:/Users/anatoleabe/.m2/repository/org/databene/databene-commons/0.4.9/databene-commons-0.4.9.jar:/Users/anatoleabe/.m2/repository/org/databene/databene-gui/0.1.9/databene-gui-0.1.9.jar:/Users/anatoleabe/.m2/repository/net/sourceforge/jtds/jtds/1.2.2/jtds-1.2.2.jar:/Users/anatoleabe/.m2/repository/mysql/mysql-connector-java/5.1.6/mysql-connector-java-5.1.6.jar:/Users/anatoleabe/.m2/repository/org/apache/derby/derbyclient/10.4.2.0/derbyclient-10.4.2.0.jar:/Users/anatoleabe/.m2/repository/postgresql/postgresql/8.3-603.jdbc4/postgresql-8.3-603.jdbc4.jar:/Users/anatoleabe/.m2/repository/org/dbunit/dbunit/2.4.7/dbunit-2.4.7.jar:/Users/anatoleabe/.m2/repository/xmlunit/xmlunit/1.3/xmlunit-1.3.jar:/Users/anatoleabe/.m2/repository/com/carrotsearch/junit-benchmarks/0.7.0/junit-benchmarks-0.7.0.jar:/Users/anatoleabe/.m2/repository/junit/junit/4.11/junit-4.11.jar:/Users/anatoleabe/.m2/repository/org/hamcrest/hamcrest-core/1.3/hamcrest-core-1.3.jar:/Users/anatoleabe/.m2/repository/org/hamcrest/hamcrest-library/1.3/hamcrest-library-1.3.jar:/Users/anatoleabe/.m2/repository/org/mockito/mockito-core/1.9.5/mockito-core-1.9.5.jar:/Users/anatoleabe/.m2/repository/org/objenesis/objenesis/1.0/objenesis-1.0.jar:/Users/anatoleabe/.m2/repository/org/powermock/powermock-module-junit4/1.5/powermock-module-junit4-1.5.jar:/Users/anatoleabe/.m2/repository/org/powermock/powermock-module-junit4-common/1.5/powermock-module-junit4-common-1.5.jar:/Users/anatoleabe/.m2/repository/org/powermock/powermock-core/1.5/powermock-core-1.5.jar:/Users/anatoleabe/.m2/repository/org/powermock/powermock-reflect/1.5/powermock-reflect-1.5.jar:/Users/anatoleabe/.m2/repository/org/powermock/powermock-api-mockito/1.5/powermock-api-mockito-1.5.jar:/Users/anatoleabe/.m2/repository/org/powermock/powermock-api-support/1.5/powermock-api-support-1.5.jar:"/>
    <property name="java.specification.name" value="Java Platform API Specification"/>
    <property name="java.class.version" value="52.0"/>
    <property name="sun.management.compiler" value="HotSpot 64-Bit Tiered Compilers"/>
    <property name="os.version" value="10.15.1"/>
    <property name="http.nonProxyHosts" value="local|*.local|169.254/16|*.169.254/16"/>
    <property name="user.home" value="/Users/anatoleabe"/>
    <property name="user.timezone" value="Africa/Bujumbura"/>
    <property name="java.awt.printerjob" value="sun.lwawt.macosx.CPrinterJob"/>
    <property name="java.specification.version" value="1.8"/>
    <property name="file.encoding" value="UTF-8"/>
    <property name="user.name" value="anatoleabe"/>
    <property name="java.class.path" value="/Users/anatoleabe/.m2/repository/org/apache/maven/surefire/surefire-booter/2.5/surefire-booter-2.5.jar:/Users/anatoleabe/.m2/repository/org/apache/maven/surefire/surefire-api/2.5/surefire-api-2.5.jar"/>
    <property name="java.vm.specification.version" value="1.8"/>
    <property name="sun.arch.data.model" value="64"/>
    <property name="java.home" value="/Library/Java/JavaVirtualMachines/jdk1.8.0_241.jdk/Contents/Home/jre"/>
    <property name="sun.java.command" value="org.apache.maven.surefire.booter.SurefireBooter /var/folders/b7/6jgg1yvx5852hv9tpjjq5hq80000gn/T/surefire98921638105552950tmp /var/folders/b7/6jgg1yvx5852hv9tpjjq5hq80000gn/T/surefire4816958477984928433tmp"/>
    <property name="java.specification.vendor" value="Oracle Corporation"/>
    <property name="user.language" value="en"/>
    <property name="awt.toolkit" value="sun.lwawt.macosx.LWCToolkit"/>
    <property name="java.vm.info" value="mixed mode"/>
    <property name="java.version" value="1.8.0_241"/>
    <property name="java.ext.dirs" value="/Users/anatoleabe/Library/Java/Extensions:/Library/Java/JavaVirtualMachines/jdk1.8.0_241.jdk/Contents/Home/jre/lib/ext:/Library/Java/Extensions:/Network/Library/Java/Extensions:/System/Library/Java/Extensions:/usr/lib/java"/>
    <property name="sun.boot.class.path" value="/Library/Java/JavaVirtualMachines/jdk1.8.0_241.jdk/Contents/Home/jre/lib/resources.jar:/Library/Java/JavaVirtualMachines/jdk1.8.0_241.jdk/Contents/Home/jre/lib/rt.jar:/Library/Java/JavaVirtualMachines/jdk1.8.0_241.jdk/Contents/Home/jre/lib/sunrsasign.jar:/Library/Java/JavaVirtualMachines/jdk1.8.0_241.jdk/Contents/Home/jre/lib/jsse.jar:/Library/Java/JavaVirtualMachines/jdk1.8.0_241.jdk/Contents/Home/jre/lib/jce.jar:/Library/Java/JavaVirtualMachines/jdk1.8.0_241.jdk/Contents/Home/jre/lib/charsets.jar:/Library/Java/JavaVirtualMachines/jdk1.8.0_241.jdk/Contents/Home/jre/lib/jfr.jar:/Library/Java/JavaVirtualMachines/jdk1.8.0_241.jdk/Contents/Home/jre/classes"/>
    <property name="java.vendor" value="Oracle Corporation"/>
    <property name="localRepository" value="/Users/anatoleabe/.m2/repository"/>
    <property name="file.separator" value="/"/>
    <property name="java.vendor.url.bug" value="http://bugreport.sun.com/bugreport/"/>
    <property name="sun.cpu.endian" value="little"/>
    <property name="sun.io.unicode.encoding" value="UnicodeBig"/>
    <property name="socksNonProxyHosts" value="local|*.local|169.254/16|*.169.254/16"/>
    <property name="ftp.nonProxyHosts" value="local|*.local|169.254/16|*.169.254/16"/>
    <property name="sun.cpu.isalist" value=""/>
  </properties>
  <testcase classname="org.openmrs.module.savicsgmao.dao.api.SavicsGmaoModuleServiceTest" name="saveItem_shouldSetOwnerIfNotSet" time="0.18"/>
</testsuite>